This file contains any messages produced by compilers while
running configure, to aid debugging if configure makes a mistake.

It was created by configure, which was
generated by GNU Autoconf 2.59.  Invocation command line was

  $ ./configure --prefix=/opt/visualboyadvancelink/

## --------- ##
## Platform. ##
## --------- ##

hostname = jaime-MS-7616
uname -m = i686
uname -r = 3.8.0-25-generic
uname -s = Linux
uname -v = #37-Ubuntu SMP Thu Jun 6 20:47:30 UTC 2013

/usr/bin/uname -p = unknown
/bin/uname -X     = unknown

/bin/arch              = unknown
/usr/bin/arch -k       = unknown
/usr/convex/getsysinfo = unknown
hostinfo               = unknown
/bin/machine           = unknown
/usr/bin/oslevel       = unknown
/bin/universe          = unknown

PATH: /usr/local/sbin
PATH: /usr/local/bin
PATH: /usr/sbin
PATH: /usr/bin
PATH: /sbin
PATH: /bin


## ----------- ##
## Core tests. ##
## ----------- ##

configure:1370: checking build system type
configure:1388: result: i686-pc-linux-gnu
configure:1396: checking host system type
configure:1410: result: i686-pc-linux-gnu
configure:1418: checking target system type
configure:1432: result: i686-pc-linux-gnu
configure:1472: checking for a BSD-compatible install
configure:1527: result: /usr/bin/install -c
configure:1538: checking whether build environment is sane
configure:1581: result: yes
configure:1614: checking for gawk
configure:1630: found /usr/bin/gawk
configure:1640: result: gawk
configure:1650: checking whether make sets $(MAKE)
configure:1670: result: yes
configure:1941: checking for gcc
configure:1957: found /usr/bin/gcc
configure:1967: result: gcc
configure:2211: checking for C compiler version
configure:2214: gcc --version </dev/null >&5
gcc (Ubuntu/Linaro 4.7.3-1ubuntu1) 4.7.3
Copyright (C) 2012 Free Software Foundation, Inc.
This is free software; see the source for copying conditions.  There is NO
warranty; not even for MERCHANTABILITY or FITNESS FOR A PARTICULAR PURPOSE.

configure:2217: $? = 0
configure:2219: gcc -v </dev/null >&5
Using built-in specs.
COLLECT_GCC=gcc
COLLECT_LTO_WRAPPER=/usr/lib/gcc/i686-linux-gnu/4.7/lto-wrapper
Target: i686-linux-gnu
Configured with: ../src/configure -v --with-pkgversion='Ubuntu/Linaro 4.7.3-1ubuntu1' --with-bugurl=file:///usr/share/doc/gcc-4.7/README.Bugs --enable-languages=c,c++,go,fortran,objc,obj-c++ --prefix=/usr --program-suffix=-4.7 --enable-shared --enable-linker-build-id --libexecdir=/usr/lib --without-included-gettext --enable-threads=posix --with-gxx-include-dir=/usr/include/c++/4.7 --libdir=/usr/lib --enable-nls --with-sysroot=/ --enable-clocale=gnu --enable-libstdcxx-debug --enable-libstdcxx-time=yes --enable-gnu-unique-object --enable-plugin --with-system-zlib --enable-objc-gc --enable-targets=all --with-cloog --enable-cloog-backend=ppl --disable-cloog-version-check --disable-ppl-version-check --enable-multiarch --disable-werror --with-arch-32=i686 --with-multilib-list=m32,m64,mx32 --with-tune=generic --enable-checking=release --build=i686-linux-gnu --host=i686-linux-gnu --target=i686-linux-gnu
Thread model: posix
gcc version 4.7.3 (Ubuntu/Linaro 4.7.3-1ubuntu1) 
configure:2222: $? = 0
configure:2224: gcc -V </dev/null >&5
gcc: error: unrecognized command line option '-V'
gcc: fatal error: no input files
compilation terminated.
configure:2227: $? = 4
configure:2250: checking for C compiler default output file name
configure:2253: gcc    conftest.c  >&5
configure:2256: $? = 0
configure:2302: result: a.out
configure:2307: checking whether the C compiler works
configure:2313: ./a.out
configure:2316: $? = 0
configure:2333: result: yes
configure:2340: checking whether we are cross compiling
configure:2342: result: no
configure:2345: checking for suffix of executables
configure:2347: gcc -o conftest    conftest.c  >&5
configure:2350: $? = 0
configure:2375: result: 
configure:2381: checking for suffix of object files
configure:2402: gcc -c   conftest.c >&5
configure:2405: $? = 0
configure:2427: result: o
configure:2431: checking whether we are using the GNU C compiler
configure:2455: gcc -c   conftest.c >&5
configure:2461: $? = 0
configure:2464: test -z 			 || test ! -s conftest.err
configure:2467: $? = 0
configure:2470: test -s conftest.o
configure:2473: $? = 0
configure:2486: result: yes
configure:2492: checking whether gcc accepts -g
configure:2513: gcc -c -g  conftest.c >&5
configure:2519: $? = 0
configure:2522: test -z 			 || test ! -s conftest.err
configure:2525: $? = 0
configure:2528: test -s conftest.o
configure:2531: $? = 0
configure:2542: result: yes
configure:2559: checking for gcc option to accept ANSI C
configure:2629: gcc  -c -g -O2  conftest.c >&5
configure:2635: $? = 0
configure:2638: test -z 			 || test ! -s conftest.err
configure:2641: $? = 0
configure:2644: test -s conftest.o
configure:2647: $? = 0
configure:2665: result: none needed
configure:2683: gcc -c -g -O2  conftest.c >&5
conftest.c:2:3: error: unknown type name 'choke'
conftest.c:2:3: error: expected '=', ',', ';', 'asm' or '__attribute__' at end of input
configure:2689: $? = 1
configure: failed program was:
| #ifndef __cplusplus
|   choke me
| #endif
configure:2830: checking for style of include used by make
configure:2858: result: GNU
configure:2886: checking dependency style of gcc
configure:2969: result: gcc3
configure:2990: checking for bison
configure:3006: found /usr/bin/bison
configure:3016: result: bison -y
configure:3032: checking for flex
configure:3048: found /usr/bin/flex
configure:3058: result: flex
configure:3071: checking for yywrap in -lfl
configure:3101: gcc -o conftest -g -O2   conftest.c -lfl   >&5
configure:3107: $? = 0
configure:3110: test -z 			 || test ! -s conftest.err
configure:3113: $? = 0
configure:3116: test -s conftest
configure:3119: $? = 0
configure:3132: result: yes
configure:3209: checking lex output file root
configure:3220: flex conftest.l
configure:3223: $? = 0
configure:3235: result: lex.yy
configure:3240: checking whether yytext is a pointer
configure:3256: gcc -o conftest -g -O2   conftest.c  -lfl >&5
configure:3262: $? = 0
configure:3265: test -z 			 || test ! -s conftest.err
configure:3268: $? = 0
configure:3271: test -s conftest
configure:3274: $? = 0
configure:3288: result: yes
configure:3354: checking for g++
configure:3370: found /usr/bin/g++
configure:3380: result: g++
configure:3396: checking for C++ compiler version
configure:3399: g++ --version </dev/null >&5
g++ (Ubuntu/Linaro 4.7.3-1ubuntu1) 4.7.3
Copyright (C) 2012 Free Software Foundation, Inc.
This is free software; see the source for copying conditions.  There is NO
warranty; not even for MERCHANTABILITY or FITNESS FOR A PARTICULAR PURPOSE.

configure:3402: $? = 0
configure:3404: g++ -v </dev/null >&5
Using built-in specs.
COLLECT_GCC=g++
COLLECT_LTO_WRAPPER=/usr/lib/gcc/i686-linux-gnu/4.7/lto-wrapper
Target: i686-linux-gnu
Configured with: ../src/configure -v --with-pkgversion='Ubuntu/Linaro 4.7.3-1ubuntu1' --with-bugurl=file:///usr/share/doc/gcc-4.7/README.Bugs --enable-languages=c,c++,go,fortran,objc,obj-c++ --prefix=/usr --program-suffix=-4.7 --enable-shared --enable-linker-build-id --libexecdir=/usr/lib --without-included-gettext --enable-threads=posix --with-gxx-include-dir=/usr/include/c++/4.7 --libdir=/usr/lib --enable-nls --with-sysroot=/ --enable-clocale=gnu --enable-libstdcxx-debug --enable-libstdcxx-time=yes --enable-gnu-unique-object --enable-plugin --with-system-zlib --enable-objc-gc --enable-targets=all --with-cloog --enable-cloog-backend=ppl --disable-cloog-version-check --disable-ppl-version-check --enable-multiarch --disable-werror --with-arch-32=i686 --with-multilib-list=m32,m64,mx32 --with-tune=generic --enable-checking=release --build=i686-linux-gnu --host=i686-linux-gnu --target=i686-linux-gnu
Thread model: posix
gcc version 4.7.3 (Ubuntu/Linaro 4.7.3-1ubuntu1) 
configure:3407: $? = 0
configure:3409: g++ -V </dev/null >&5
g++: error: unrecognized command line option '-V'
g++: fatal error: no input files
compilation terminated.
configure:3412: $? = 4
configure:3415: checking whether we are using the GNU C++ compiler
configure:3439: g++ -c   conftest.cc >&5
configure:3445: $? = 0
configure:3448: test -z 			 || test ! -s conftest.err
configure:3451: $? = 0
configure:3454: test -s conftest.o
configure:3457: $? = 0
configure:3470: result: yes
configure:3476: checking whether g++ accepts -g
configure:3497: g++ -c -g  conftest.cc >&5
configure:3503: $? = 0
configure:3506: test -z 			 || test ! -s conftest.err
configure:3509: $? = 0
configure:3512: test -s conftest.o
configure:3515: $? = 0
configure:3526: result: yes
configure:3568: g++ -c -g -O2  conftest.cc >&5
configure:3574: $? = 0
configure:3577: test -z 			 || test ! -s conftest.err
configure:3580: $? = 0
configure:3583: test -s conftest.o
configure:3586: $? = 0
configure:3612: g++ -c -g -O2  conftest.cc >&5
conftest.cc: In function 'int main()':
conftest.cc:16:9: error: 'exit' was not declared in this scope
configure:3618: $? = 1
configure: failed program was:
| /* confdefs.h.  */
| 
| #define PACKAGE_NAME ""
| #define PACKAGE_TARNAME ""
| #define PACKAGE_VERSION ""
| #define PACKAGE_STRING ""
| #define PACKAGE_BUGREPORT ""
| #define PACKAGE "VisualBoyAdvance"
| #define VERSION "1.8.0"
| #define YYTEXT_POINTER 1
| /* end confdefs.h.  */
| 
| int
| main ()
| {
| exit (42);
|   ;
|   return 0;
| }
configure:3568: g++ -c -g -O2  conftest.cc >&5
conftest.cc:12:40: error: 'void std::exit(int)' should have been declared inside 'std'
configure:3574: $? = 1
configure: failed program was:
| /* confdefs.h.  */
| 
| #define PACKAGE_NAME ""
| #define PACKAGE_TARNAME ""
| #define PACKAGE_VERSION ""
| #define PACKAGE_STRING ""
| #define PACKAGE_BUGREPORT ""
| #define PACKAGE "VisualBoyAdvance"
| #define VERSION "1.8.0"
| #define YYTEXT_POINTER 1
| /* end confdefs.h.  */
| extern "C" void std::exit (int) throw (); using std::exit;
| #include <stdlib.h>
| int
| main ()
| {
| exit (42);
|   ;
|   return 0;
| }
configure:3568: g++ -c -g -O2  conftest.cc >&5
conftest.cc:12:31: error: 'void std::exit(int)' should have been declared inside 'std'
In file included from conftest.cc:13:0:
/usr/include/stdlib.h:542:70: error: declaration of 'void std::exit(int) throw ()' has a different exception specifier
conftest.cc:12:17: error: from previous declaration 'void std::exit(int)'
configure:3574: $? = 1
configure: failed program was:
| /* confdefs.h.  */
| 
| #define PACKAGE_NAME ""
| #define PACKAGE_TARNAME ""
| #define PACKAGE_VERSION ""
| #define PACKAGE_STRING ""
| #define PACKAGE_BUGREPORT ""
| #define PACKAGE "VisualBoyAdvance"
| #define VERSION "1.8.0"
| #define YYTEXT_POINTER 1
| /* end confdefs.h.  */
| extern "C" void std::exit (int); using std::exit;
| #include <stdlib.h>
| int
| main ()
| {
| exit (42);
|   ;
|   return 0;
| }
configure:3568: g++ -c -g -O2  conftest.cc >&5
configure:3574: $? = 0
configure:3577: test -z 			 || test ! -s conftest.err
configure:3580: $? = 0
configure:3583: test -s conftest.o
configure:3586: $? = 0
configure:3612: g++ -c -g -O2  conftest.cc >&5
configure:3618: $? = 0
configure:3621: test -z 			 || test ! -s conftest.err
configure:3624: $? = 0
configure:3627: test -s conftest.o
configure:3630: $? = 0
configure:3655: checking dependency style of g++
configure:3738: result: gcc3
configure:3796: checking for ranlib
configure:3812: found /usr/bin/ranlib
configure:3823: result: ranlib
configure:3837: checking for nasm
configure:3855: found /usr/bin/nasm
configure:3867: result: /usr/bin/nasm
configure:3876: checking for gzopen in -lz
configure:3906: gcc -o conftest -g -O2   conftest.c -lz   >&5
configure:3912: $? = 0
configure:3915: test -z 			 || test ! -s conftest.err
configure:3918: $? = 0
configure:3921: test -s conftest
configure:3924: $? = 0
configure:3937: result: yes
configure:3953: checking for pthread_yield in -lpthread
configure:3983: gcc -o conftest -g -O2   conftest.c -lpthread  -lz  >&5
configure:3989: $? = 0
configure:3992: test -z 			 || test ! -s conftest.err
configure:3995: $? = 0
configure:3998: test -s conftest
configure:4001: $? = 0
configure:4014: result: yes
configure:4032: checking for pkg-config
configure:4050: found /usr/bin/pkg-config
configure:4063: result: /usr/bin/pkg-config
configure:4080: checking for libpng
configure:4084: result: yes
configure:4088: checking LIBPNG_CFLAGS
configure:4091: result: -I/usr/include/libpng12  
configure:4094: checking LIBPNG_LIBS
configure:4097: result: -lpng12  
configure:4132: checking how to run the C preprocessor
configure:4167: gcc -E  -I/usr/include/libpng12   conftest.c
configure:4173: $? = 0
configure:4205: gcc -E  -I/usr/include/libpng12   conftest.c
conftest.c:17:28: fatal error: ac_nonexistent.h: No such file or directory
compilation terminated.
configure:4211: $? = 1
configure: failed program was:
| /* confdefs.h.  */
| 
| #define PACKAGE_NAME ""
| #define PACKAGE_TARNAME ""
| #define PACKAGE_VERSION ""
| #define PACKAGE_STRING ""
| #define PACKAGE_BUGREPORT ""
| #define PACKAGE "VisualBoyAdvance"
| #define VERSION "1.8.0"
| #define YYTEXT_POINTER 1
| #ifdef __cplusplus
| extern "C" void exit (int) throw ();
| #endif
| #define HAVE_LIBZ 1
| #define HAVE_LIBPTHREAD 1
| /* end confdefs.h.  */
| #include <ac_nonexistent.h>
configure:4250: result: gcc -E
configure:4274: gcc -E  -I/usr/include/libpng12   conftest.c
configure:4280: $? = 0
configure:4312: gcc -E  -I/usr/include/libpng12   conftest.c
conftest.c:17:28: fatal error: ac_nonexistent.h: No such file or directory
compilation terminated.
configure:4318: $? = 1
configure: failed program was:
| /* confdefs.h.  */
| 
| #define PACKAGE_NAME ""
| #define PACKAGE_TARNAME ""
| #define PACKAGE_VERSION ""
| #define PACKAGE_STRING ""
| #define PACKAGE_BUGREPORT ""
| #define PACKAGE "VisualBoyAdvance"
| #define VERSION "1.8.0"
| #define YYTEXT_POINTER 1
| #ifdef __cplusplus
| extern "C" void exit (int) throw ();
| #endif
| #define HAVE_LIBZ 1
| #define HAVE_LIBPTHREAD 1
| /* end confdefs.h.  */
| #include <ac_nonexistent.h>
configure:4362: checking for X
configure:4468: gcc -E  -I/usr/include/libpng12   conftest.c
configure:4474: $? = 0
configure:4524: gcc -o conftest -g -O2  -I/usr/include/libpng12    conftest.c -lX11 -lpthread -lz  -lpng12   >&5
configure:4530: $? = 0
configure:4533: test -z 			 || test ! -s conftest.err
configure:4536: $? = 0
configure:4539: test -s conftest
configure:4542: $? = 0
configure:4596: result: libraries , headers in standard search path
configure:4600: checking for egrep
configure:4610: result: grep -E
configure:4615: checking for ANSI C header files
configure:4640: gcc -c -g -O2  -I/usr/include/libpng12   conftest.c >&5
configure:4646: $? = 0
configure:4649: test -z 			 || test ! -s conftest.err
configure:4652: $? = 0
configure:4655: test -s conftest.o
configure:4658: $? = 0
configure:4747: gcc -o conftest -g -O2  -I/usr/include/libpng12    conftest.c -lpthread -lz  -lpng12   >&5
conftest.c: In function 'main':
conftest.c:34:7: warning: incompatible implicit declaration of built-in function 'exit' [enabled by default]
configure:4750: $? = 0
configure:4752: ./conftest
configure:4755: $? = 0
configure:4770: result: yes
configure:4794: checking for sys/types.h
configure:4810: gcc -c -g -O2  -I/usr/include/libpng12   conftest.c >&5
configure:4816: $? = 0
configure:4819: test -z 			 || test ! -s conftest.err
configure:4822: $? = 0
configure:4825: test -s conftest.o
configure:4828: $? = 0
configure:4839: result: yes
configure:4794: checking for sys/stat.h
configure:4810: gcc -c -g -O2  -I/usr/include/libpng12   conftest.c >&5
configure:4816: $? = 0
configure:4819: test -z 			 || test ! -s conftest.err
configure:4822: $? = 0
configure:4825: test -s conftest.o
configure:4828: $? = 0
configure:4839: result: yes
configure:4794: checking for stdlib.h
configure:4810: gcc -c -g -O2  -I/usr/include/libpng12   conftest.c >&5
configure:4816: $? = 0
configure:4819: test -z 			 || test ! -s conftest.err
configure:4822: $? = 0
configure:4825: test -s conftest.o
configure:4828: $? = 0
configure:4839: result: yes
configure:4794: checking for string.h
configure:4810: gcc -c -g -O2  -I/usr/include/libpng12   conftest.c >&5
configure:4816: $? = 0
configure:4819: test -z 			 || test ! -s conftest.err
configure:4822: $? = 0
configure:4825: test -s conftest.o
configure:4828: $? = 0
configure:4839: result: yes
configure:4794: checking for memory.h
configure:4810: gcc -c -g -O2  -I/usr/include/libpng12   conftest.c >&5
configure:4816: $? = 0
configure:4819: test -z 			 || test ! -s conftest.err
configure:4822: $? = 0
configure:4825: test -s conftest.o
configure:4828: $? = 0
configure:4839: result: yes
configure:4794: checking for strings.h
configure:4810: gcc -c -g -O2  -I/usr/include/libpng12   conftest.c >&5
configure:4816: $? = 0
configure:4819: test -z 			 || test ! -s conftest.err
configure:4822: $? = 0
configure:4825: test -s conftest.o
configure:4828: $? = 0
configure:4839: result: yes
configure:4794: checking for inttypes.h
configure:4810: gcc -c -g -O2  -I/usr/include/libpng12   conftest.c >&5
configure:4816: $? = 0
configure:4819: test -z 			 || test ! -s conftest.err
configure:4822: $? = 0
configure:4825: test -s conftest.o
configure:4828: $? = 0
configure:4839: result: yes
configure:4794: checking for stdint.h
configure:4810: gcc -c -g -O2  -I/usr/include/libpng12   conftest.c >&5
configure:4816: $? = 0
configure:4819: test -z 			 || test ! -s conftest.err
configure:4822: $? = 0
configure:4825: test -s conftest.o
configure:4828: $? = 0
configure:4839: result: yes
configure:4794: checking for unistd.h
configure:4810: gcc -c -g -O2  -I/usr/include/libpng12   conftest.c >&5
configure:4816: $? = 0
configure:4819: test -z 			 || test ! -s conftest.err
configure:4822: $? = 0
configure:4825: test -s conftest.o
configure:4828: $? = 0
configure:4839: result: yes
configure:4870: checking malloc.h usability
configure:4882: gcc -c -g -O2  -I/usr/include/libpng12   conftest.c >&5
configure:4888: $? = 0
configure:4891: test -z 			 || test ! -s conftest.err
configure:4894: $? = 0
configure:4897: test -s conftest.o
configure:4900: $? = 0
configure:4910: result: yes
configure:4914: checking malloc.h presence
configure:4924: gcc -E  -I/usr/include/libpng12   conftest.c
configure:4930: $? = 0
configure:4950: result: yes
configure:4985: checking for malloc.h
configure:4992: result: yes
configure:4861: checking for strings.h
configure:4866: result: yes
configure:4861: checking for unistd.h
configure:4866: result: yes
configure:4870: checking arpa/inet.h usability
configure:4882: gcc -c -g -O2  -I/usr/include/libpng12   conftest.c >&5
configure:4888: $? = 0
configure:4891: test -z 			 || test ! -s conftest.err
configure:4894: $? = 0
configure:4897: test -s conftest.o
configure:4900: $? = 0
configure:4910: result: yes
configure:4914: checking arpa/inet.h presence
configure:4924: gcc -E  -I/usr/include/libpng12   conftest.c
configure:4930: $? = 0
configure:4950: result: yes
configure:4985: checking for arpa/inet.h
configure:4992: result: yes
configure:4870: checking netinet/in.h usability
configure:4882: gcc -c -g -O2  -I/usr/include/libpng12   conftest.c >&5
configure:4888: $? = 0
configure:4891: test -z 			 || test ! -s conftest.err
configure:4894: $? = 0
configure:4897: test -s conftest.o
configure:4900: $? = 0
configure:4910: result: yes
configure:4914: checking netinet/in.h presence
configure:4924: gcc -E  -I/usr/include/libpng12   conftest.c
configure:4930: $? = 0
configure:4950: result: yes
configure:4985: checking for netinet/in.h
configure:4992: result: yes
configure:4870: checking zutil.h usability
configure:4882: gcc -c -g -O2  -I/usr/include/libpng12   conftest.c >&5
conftest.c:66:19: fatal error: zutil.h: No such file or directory
compilation terminated.
configure:4888: $? = 1
configure: failed program was:
| /* confdefs.h.  */
| 
| #define PACKAGE_NAME ""
| #define PACKAGE_TARNAME ""
| #define PACKAGE_VERSION ""
| #define PACKAGE_STRING ""
| #define PACKAGE_BUGREPORT ""
| #define PACKAGE "VisualBoyAdvance"
| #define VERSION "1.8.0"
| #define YYTEXT_POINTER 1
| #ifdef __cplusplus
| extern "C" void exit (int) throw ();
| #endif
| #define HAVE_LIBZ 1
| #define HAVE_LIBPTHREAD 1
| #define STDC_HEADERS 1
| #define HAVE_SYS_TYPES_H 1
| #define HAVE_SYS_STAT_H 1
| #define HAVE_STDLIB_H 1
| #define HAVE_STRING_H 1
| #define HAVE_MEMORY_H 1
| #define HAVE_STRINGS_H 1
| #define HAVE_INTTYPES_H 1
| #define HAVE_STDINT_H 1
| #define HAVE_UNISTD_H 1
| #define HAVE_MALLOC_H 1
| #define HAVE_STRINGS_H 1
| #define HAVE_UNISTD_H 1
| #define HAVE_ARPA_INET_H 1
| #define HAVE_NETINET_IN_H 1
| /* end confdefs.h.  */
| #include <stdio.h>
| #if HAVE_SYS_TYPES_H
| # include <sys/types.h>
| #endif
| #if HAVE_SYS_STAT_H
| # include <sys/stat.h>
| #endif
| #if STDC_HEADERS
| # include <stdlib.h>
| # include <stddef.h>
| #else
| # if HAVE_STDLIB_H
| #  include <stdlib.h>
| # endif
| #endif
| #if HAVE_STRING_H
| # if !STDC_HEADERS && HAVE_MEMORY_H
| #  include <memory.h>
| # endif
| # include <string.h>
| #endif
| #if HAVE_STRINGS_H
| # include <strings.h>
| #endif
| #if HAVE_INTTYPES_H
| # include <inttypes.h>
| #else
| # if HAVE_STDINT_H
| #  include <stdint.h>
| # endif
| #endif
| #if HAVE_UNISTD_H
| # include <unistd.h>
| #endif
| #include <zutil.h>
configure:4910: result: no
configure:4914: checking zutil.h presence
configure:4924: gcc -E  -I/usr/include/libpng12   conftest.c
conftest.c:32:19: fatal error: zutil.h: No such file or directory
compilation terminated.
configure:4930: $? = 1
configure: failed program was:
| /* confdefs.h.  */
| 
| #define PACKAGE_NAME ""
| #define PACKAGE_TARNAME ""
| #define PACKAGE_VERSION ""
| #define PACKAGE_STRING ""
| #define PACKAGE_BUGREPORT ""
| #define PACKAGE "VisualBoyAdvance"
| #define VERSION "1.8.0"
| #define YYTEXT_POINTER 1
| #ifdef __cplusplus
| extern "C" void exit (int) throw ();
| #endif
| #define HAVE_LIBZ 1
| #define HAVE_LIBPTHREAD 1
| #define STDC_HEADERS 1
| #define HAVE_SYS_TYPES_H 1
| #define HAVE_SYS_STAT_H 1
| #define HAVE_STDLIB_H 1
| #define HAVE_STRING_H 1
| #define HAVE_MEMORY_H 1
| #define HAVE_STRINGS_H 1
| #define HAVE_INTTYPES_H 1
| #define HAVE_STDINT_H 1
| #define HAVE_UNISTD_H 1
| #define HAVE_MALLOC_H 1
| #define HAVE_STRINGS_H 1
| #define HAVE_UNISTD_H 1
| #define HAVE_ARPA_INET_H 1
| #define HAVE_NETINET_IN_H 1
| /* end confdefs.h.  */
| #include <zutil.h>
configure:4950: result: no
configure:4985: checking for zutil.h
configure:4992: result: no
configure:5006: checking for an ANSI C-conforming const
configure:5073: gcc -c -g -O2  -I/usr/include/libpng12   conftest.c >&5
configure:5079: $? = 0
configure:5082: test -z 			 || test ! -s conftest.err
configure:5085: $? = 0
configure:5088: test -s conftest.o
configure:5091: $? = 0
configure:5102: result: yes
configure:5112: checking for inline
configure:5133: gcc -c -g -O2  -I/usr/include/libpng12   conftest.c >&5
configure:5139: $? = 0
configure:5142: test -z 			 || test ! -s conftest.err
configure:5145: $? = 0
configure:5148: test -s conftest.o
configure:5151: $? = 0
configure:5163: result: inline
configure:5182: checking for size_t
configure:5206: gcc -c -g -O2  -I/usr/include/libpng12   conftest.c >&5
configure:5212: $? = 0
configure:5215: test -z 			 || test ! -s conftest.err
configure:5218: $? = 0
configure:5221: test -s conftest.o
configure:5224: $? = 0
configure:5235: result: yes
configure:5247: checking whether struct tm is in sys/time.h or time.h
configure:5270: gcc -c -g -O2  -I/usr/include/libpng12   conftest.c >&5
configure:5276: $? = 0
configure:5279: test -z 			 || test ! -s conftest.err
configure:5282: $? = 0
configure:5285: test -s conftest.o
configure:5288: $? = 0
configure:5299: result: time.h
configure:5309: checking for socklen_t
configure:5331: gcc -c -g -O2  -I/usr/include/libpng12   conftest.c >&5
configure:5337: $? = 0
configure:5340: test -z 			 || test ! -s conftest.err
configure:5343: $? = 0
configure:5346: test -s conftest.o
configure:5349: $? = 0
configure:5352: result: yes
configure:5426: checking whether byte ordering is bigendian
configure:5453: gcc -c -g -O2  -I/usr/include/libpng12   conftest.c >&5
configure:5459: $? = 0
configure:5462: test -z 			 || test ! -s conftest.err
configure:5465: $? = 0
configure:5468: test -s conftest.o
configure:5471: $? = 0
configure:5495: gcc -c -g -O2  -I/usr/include/libpng12   conftest.c >&5
conftest.c: In function 'main':
conftest.c:39:2: error: unknown type name 'not'
conftest.c:39:10: error: expected '=', ',', ';', 'asm' or '__attribute__' before 'endian'
configure:5501: $? = 1
configure: failed program was:
| /* confdefs.h.  */
| 
| #define PACKAGE_NAME ""
| #define PACKAGE_TARNAME ""
| #define PACKAGE_VERSION ""
| #define PACKAGE_STRING ""
| #define PACKAGE_BUGREPORT ""
| #define PACKAGE "VisualBoyAdvance"
| #define VERSION "1.8.0"
| #define YYTEXT_POINTER 1
| #ifdef __cplusplus
| extern "C" void exit (int) throw ();
| #endif
| #define HAVE_LIBZ 1
| #define HAVE_LIBPTHREAD 1
| #define STDC_HEADERS 1
| #define HAVE_SYS_TYPES_H 1
| #define HAVE_SYS_STAT_H 1
| #define HAVE_STDLIB_H 1
| #define HAVE_STRING_H 1
| #define HAVE_MEMORY_H 1
| #define HAVE_STRINGS_H 1
| #define HAVE_INTTYPES_H 1
| #define HAVE_STDINT_H 1
| #define HAVE_UNISTD_H 1
| #define HAVE_MALLOC_H 1
| #define HAVE_STRINGS_H 1
| #define HAVE_UNISTD_H 1
| #define HAVE_ARPA_INET_H 1
| #define HAVE_NETINET_IN_H 1
| /* end confdefs.h.  */
| #include <sys/types.h>
| #include <sys/param.h>
| 
| int
| main ()
| {
| #if BYTE_ORDER != BIG_ENDIAN
|  not big endian
| #endif
| 
|   ;
|   return 0;
| }
configure:5634: result: no
configure:5721: checking for sdl-config
configure:5739: found /usr/bin/sdl-config
configure:5752: result: /usr/bin/sdl-config
configure:5760: checking for SDL - version >= 1.2.2
configure:5850: gcc -o conftest -g -O2 -I/usr/include/SDL -D_GNU_SOURCE=1 -D_REENTRANT  -I/usr/include/libpng12    conftest.c -lpthread -lz  -lpng12   -L/usr/lib/i386-linux-gnu -lSDL >&5
configure:5853: $? = 0
configure:5855: ./conftest
configure:5858: $? = 0
configure:5876: result: yes
configure:8126: creating ./config.status

## ---------------------- ##
## Running config.status. ##
## ---------------------- ##

This file was extended by config.status, which was
generated by GNU Autoconf 2.59.  Invocation command line was

  CONFIG_FILES    = 
  CONFIG_HEADERS  = 
  CONFIG_LINKS    = 
  CONFIG_COMMANDS = 
  $ ./config.status 

on jaime-MS-7616

config.status:785: creating Makefile
config.status:785: creating m4/Makefile
config.status:785: creating po/Makefile.in
config.status:785: creating src/Makefile
config.status:785: creating src/gb/Makefile
config.status:785: creating src/gtk/Makefile
config.status:785: creating src/gtk/images/Makefile
config.status:785: creating src/i386/Makefile
config.status:785: creating src/prof/Makefile
config.status:785: creating src/sdl/Makefile
config.status:785: creating win32/Makefile
config.status:930: executing depfiles commands

## ---------------- ##
## Cache variables. ##
## ---------------- ##

ac_cv_build=i686-pc-linux-gnu
ac_cv_build_alias=i686-pc-linux-gnu
ac_cv_c_bigendian=no
ac_cv_c_compiler_gnu=yes
ac_cv_c_const=yes
ac_cv_c_inline=inline
ac_cv_cxx_compiler_gnu=yes
ac_cv_env_CC_set=
ac_cv_env_CC_value=
ac_cv_env_CFLAGS_set=
ac_cv_env_CFLAGS_value=
ac_cv_env_CPPFLAGS_set=
ac_cv_env_CPPFLAGS_value=
ac_cv_env_CPP_set=
ac_cv_env_CPP_value=
ac_cv_env_CXXFLAGS_set=
ac_cv_env_CXXFLAGS_value=
ac_cv_env_CXX_set=
ac_cv_env_CXX_value=
ac_cv_env_LDFLAGS_set=
ac_cv_env_LDFLAGS_value=
ac_cv_env_build_alias_set=
ac_cv_env_build_alias_value=
ac_cv_env_host_alias_set=
ac_cv_env_host_alias_value=
ac_cv_env_target_alias_set=
ac_cv_env_target_alias_value=
ac_cv_exeext=
ac_cv_have_x='have_x=yes 		ac_x_includes= ac_x_libraries='
ac_cv_header_arpa_inet_h=yes
ac_cv_header_inttypes_h=yes
ac_cv_header_malloc_h=yes
ac_cv_header_memory_h=yes
ac_cv_header_netinet_in_h=yes
ac_cv_header_stdc=yes
ac_cv_header_stdint_h=yes
ac_cv_header_stdlib_h=yes
ac_cv_header_string_h=yes
ac_cv_header_strings_h=yes
ac_cv_header_sys_stat_h=yes
ac_cv_header_sys_types_h=yes
ac_cv_header_unistd_h=yes
ac_cv_header_zutil_h=no
ac_cv_host=i686-pc-linux-gnu
ac_cv_host_alias=i686-pc-linux-gnu
ac_cv_lib_fl_yywrap=yes
ac_cv_lib_pthread_pthread_yield=yes
ac_cv_lib_z_gzopen=yes
ac_cv_objext=o
ac_cv_path_NASM=/usr/bin/nasm
ac_cv_path_PKG_CONFIG=/usr/bin/pkg-config
ac_cv_path_SDL_CONFIG=/usr/bin/sdl-config
ac_cv_path_install='/usr/bin/install -c'
ac_cv_prog_AWK=gawk
ac_cv_prog_CPP='gcc -E'
ac_cv_prog_LEX=flex
ac_cv_prog_YACC='bison -y'
ac_cv_prog_ac_ct_CC=gcc
ac_cv_prog_ac_ct_CXX=g++
ac_cv_prog_ac_ct_RANLIB=ranlib
ac_cv_prog_cc_g=yes
ac_cv_prog_cc_stdc=
ac_cv_prog_cxx_g=yes
ac_cv_prog_egrep='grep -E'
ac_cv_prog_lex_root=lex.yy
ac_cv_prog_lex_yytext_pointer=yes
ac_cv_prog_make_make_set=yes
ac_cv_struct_tm=time.h
ac_cv_target=i686-pc-linux-gnu
ac_cv_target_alias=i686-pc-linux-gnu
ac_cv_type_size_t=yes
am_cv_CC_dependencies_compiler_type=gcc3
am_cv_CXX_dependencies_compiler_type=gcc3

## ----------------- ##
## Output variables. ##
## ----------------- ##

ACLOCAL='${SHELL} /home/jaime/eclipse-workspace/VisualBoyAdvance_Link_PROG/VisualBoyAdvance-1.8.0/missing --run aclocal-1.7'
AMDEPBACKSLASH='\'
AMDEP_FALSE='#'
AMDEP_TRUE=''
AMTAR='${SHELL} /home/jaime/eclipse-workspace/VisualBoyAdvance_Link_PROG/VisualBoyAdvance-1.8.0/missing --run tar'
AUTOCONF='${SHELL} /home/jaime/eclipse-workspace/VisualBoyAdvance_Link_PROG/VisualBoyAdvance-1.8.0/missing --run autoconf'
AUTOHEADER='${SHELL} /home/jaime/eclipse-workspace/VisualBoyAdvance_Link_PROG/VisualBoyAdvance-1.8.0/missing --run autoheader'
AUTOMAKE='${SHELL} /home/jaime/eclipse-workspace/VisualBoyAdvance_Link_PROG/VisualBoyAdvance-1.8.0/missing --run automake-1.7'
AWK='gawk'
CC='gcc'
CCDEPMODE='depmode=gcc3'
CFLAGS='-g -O2'
CPP='gcc -E'
CPPFLAGS=' -I/usr/include/libpng12  '
CXX='g++'
CXXDEPMODE='depmode=gcc3'
CXXFLAGS='-g -O2 -DBKPT_SUPPORT -DPROFILING -DMMX -DDEV_VERSION'
CYGPATH_W='echo'
DEFS='-DPACKAGE_NAME=\"\" -DPACKAGE_TARNAME=\"\" -DPACKAGE_VERSION=\"\" -DPACKAGE_STRING=\"\" -DPACKAGE_BUGREPORT=\"\" -DPACKAGE=\"VisualBoyAdvance\" -DVERSION=\"1.8.0\" -DYYTEXT_POINTER=1 -DHAVE_LIBZ=1 -DHAVE_LIBPTHREAD=1 -DSTDC_HEADERS=1 -DHAVE_SYS_TYPES_H=1 -DHAVE_SYS_STAT_H=1 -DHAVE_STDLIB_H=1 -DHAVE_STRING_H=1 -DHAVE_MEMORY_H=1 -DHAVE_STRINGS_H=1 -DHAVE_INTTYPES_H=1 -DHAVE_STDINT_H=1 -DHAVE_UNISTD_H=1 -DHAVE_MALLOC_H=1 -DHAVE_STRINGS_H=1 -DHAVE_UNISTD_H=1 -DHAVE_ARPA_INET_H=1 -DHAVE_NETINET_IN_H=1 '
DEPDIR='.deps'
ECHO_C=''
ECHO_N='-n'
ECHO_T=''
EGREP='grep -E'
EXEEXT=''
GETTEXT_PACKAGE=''
GMSGFMT=''
GTKMM_CFLAGS=''
GTKMM_CPPFLAGS=''
GTKMM_LIBS=''
INSTALL_DATA='${INSTALL} -m 644'
INSTALL_PROGRAM='${INSTALL}'
INSTALL_SCRIPT='${INSTALL}'
INSTALL_STRIP_PROGRAM='${SHELL} $(install_sh) -c -s'
INTLLIBS=''
LDFLAGS=''
LEX='flex'
LEXLIB='-lfl'
LEX_OUTPUT_ROOT='lex.yy'
LIBICONV=''
LIBINTL=''
LIBOBJS=''
LIBPNG_CFLAGS='-I/usr/include/libpng12  '
LIBPNG_LIBS='-lpng12  '
LIBS='-lpthread -lz  -lpng12  '
LTLIBICONV=''
LTLIBINTL=''
LTLIBOBJS=''
MAKEINFO='${SHELL} /home/jaime/eclipse-workspace/VisualBoyAdvance_Link_PROG/VisualBoyAdvance-1.8.0/missing --run makeinfo'
MKINSTALLDIRS=''
MSGFMT=''
MSGMERGE=''
NASM='/usr/bin/nasm'
OBJEXT='o'
PACKAGE='VisualBoyAdvance'
PACKAGE_BUGREPORT=''
PACKAGE_NAME=''
PACKAGE_STRING=''
PACKAGE_TARNAME=''
PACKAGE_VERSION=''
PATH_SEPARATOR=':'
PKG_CONFIG='/usr/bin/pkg-config'
POSUB=''
RANLIB='ranlib'
SDL_CFLAGS='-I/usr/include/SDL -D_GNU_SOURCE=1 -D_REENTRANT'
SDL_CONFIG='/usr/bin/sdl-config'
SDL_LIBS='-L/usr/lib/i386-linux-gnu -lSDL'
SET_MAKE=''
SHELL='/bin/bash'
STRIP=''
USE_NLS=''
VBA_EXTRA=''
VBA_LIBS='../gb/libgb.a ../prof/libprof.a ../i386/lib386.a'
VBA_SRC_EXTRA=' prof i386 sdl'
VERSION='1.8.0'
XGETTEXT=''
YACC='bison -y'
ac_ct_CC='gcc'
ac_ct_CXX='g++'
ac_ct_RANLIB='ranlib'
ac_ct_STRIP=''
am__fastdepCC_FALSE='#'
am__fastdepCC_TRUE=''
am__fastdepCXX_FALSE='#'
am__fastdepCXX_TRUE=''
am__include='include'
am__leading_dot='.'
am__quote=''
bindir='${exec_prefix}/bin'
build='i686-pc-linux-gnu'
build_alias=''
build_cpu='i686'
build_os='linux-gnu'
build_vendor='pc'
datadir='${prefix}/share'
exec_prefix='${prefix}'
host='i686-pc-linux-gnu'
host_alias=''
host_cpu='i686'
host_os='linux-gnu'
host_vendor='pc'
includedir='${prefix}/include'
infodir='${prefix}/info'
install_sh='/home/jaime/eclipse-workspace/VisualBoyAdvance_Link_PROG/VisualBoyAdvance-1.8.0/install-sh'
libdir='${exec_prefix}/lib'
libexecdir='${exec_prefix}/libexec'
localstatedir='${prefix}/var'
mandir='${prefix}/man'
oldincludedir='/usr/include'
prefix='/opt/visualboyadvancelink/'
program_transform_name='s,x,x,'
sbindir='${exec_prefix}/sbin'
sharedstatedir='${prefix}/com'
sysconfdir='${prefix}/etc'
target='i686-pc-linux-gnu'
target_alias=''
target_cpu='i686'
target_os='linux-gnu'
target_vendor='pc'

## ----------- ##
## confdefs.h. ##
## ----------- ##

#define HAVE_ARPA_INET_H 1
#define HAVE_INTTYPES_H 1
#define HAVE_LIBPTHREAD 1
#define HAVE_LIBZ 1
#define HAVE_MALLOC_H 1
#define HAVE_MEMORY_H 1
#define HAVE_NETINET_IN_H 1
#define HAVE_STDINT_H 1
#define HAVE_STDLIB_H 1
#define HAVE_STRINGS_H 1
#define HAVE_STRINGS_H 1
#define HAVE_STRING_H 1
#define HAVE_SYS_STAT_H 1
#define HAVE_SYS_TYPES_H 1
#define HAVE_UNISTD_H 1
#define HAVE_UNISTD_H 1
#define PACKAGE "VisualBoyAdvance"
#define PACKAGE_BUGREPORT ""
#define PACKAGE_NAME ""
#define PACKAGE_STRING ""
#define PACKAGE_TARNAME ""
#define PACKAGE_VERSION ""
#define STDC_HEADERS 1
#define VERSION "1.8.0"
#define YYTEXT_POINTER 1
#endif
#ifdef __cplusplus
extern "C" void exit (int) throw ();

configure: exit 0
